<?xml version="1.0" encoding="UTF-8"?>
<testng-results skipped="0" failed="0" ignored="0" total="1" passed="1">
  <reporter-output>
  </reporter-output>
  <suite name="Default suite" duration-ms="41081" started-at="2017-06-02T13:36:13Z" finished-at="2017-06-02T13:36:54Z">
    <groups>
    </groups>
    <test name="Default test" duration-ms="41081" started-at="2017-06-02T13:36:13Z" finished-at="2017-06-02T13:36:54Z">
      <class name="com.tests.TestLoginForApplicaion">
        <test-method status="PASS" signature="initialise()[pri:0, instance:com.tests.TestLoginForApplicaion@d62f43]" name="initialise" is-config="true" duration-ms="4618" started-at="2017-06-02T19:06:13Z" finished-at="2017-06-02T19:06:17Z">
          <reporter-output>
          </reporter-output>
        </test-method> <!-- initialise -->
        <test-method status="PASS" signature="loginAndVerifyTitle()[pri:0, instance:com.tests.TestLoginForApplicaion@d62f43]" name="loginAndVerifyTitle" duration-ms="35158" started-at="2017-06-02T19:06:17Z" finished-at="2017-06-02T19:06:53Z">
          <reporter-output>
          </reporter-output>
        </test-method> <!-- loginAndVerifyTitle -->
        <test-method status="PASS" signature="closeInstance()[pri:0, instance:com.tests.TestLoginForApplicaion@d62f43]" name="closeInstance" is-config="true" duration-ms="1259" started-at="2017-06-02T19:06:53Z" finished-at="2017-06-02T19:06:54Z">
          <reporter-output>
          </reporter-output>
        </test-method> <!-- closeInstance -->
      </class> <!-- com.tests.TestLoginForApplicaion -->
    </test> <!-- Default test -->
  </suite> <!-- Default suite -->
</testng-results>
