<?xml version="1.0" encoding="UTF-8"?>
<!-- Generated by org.testng.reporters.JUnitXMLReporter -->
<testsuite hostname="BDC7-L-4HKNLC2" ignored="5" name="Selenium Training Test1" tests="3" failures="0" timestamp="06 May 2017 00:43:15 GMT" time="25.601" errors="0">
  <testcase name="printStuff" time="0.007" classname="com.seleniumtraining.Lecture3_TestNGAnnotations"/>
  <testcase name="printStuff" time="0.001" classname="com.seleniumtraining.Lecture3_TestNGAnnotations"/>
  <testcase name="Slider" time="16.488" classname="com.seleniumtraining.Lecture2_WebElements"/>
  <testcase name="clickSearch" time="0.0" classname="com.seleniumtraining.Lecture2_WebElements">
    <ignored/>
  </testcase> <!-- clickSearch -->
  <testcase name="Resizable" time="0.0" classname="com.seleniumtraining.Lecture2_WebElements">
    <ignored/>
  </testcase> <!-- Resizable -->
  <testcase name="browserNavigation" time="0.0" classname="com.seleniumtraining.Lecture2_WebElements">
    <ignored/>
  </testcase> <!-- browserNavigation -->
  <testcase name="searchItem" time="0.0" classname="com.seleniumtraining.Lecture2_WebElements">
    <ignored/>
  </testcase> <!-- searchItem -->
  <testcase name="dragAndDrop" time="0.0" classname="com.seleniumtraining.Lecture2_WebElements">
    <ignored/>
  </testcase> <!-- dragAndDrop -->
</testsuite> <!-- Selenium Training Test1 -->
