<?xml version="1.0" encoding="UTF-8"?>
<testng-results skipped="0" failed="0" ignored="5" total="8" passed="3">
  <reporter-output>
    <line>
      <![CDATA[Application Lauched successfully | ]]>
    </line>
    <line>
      <![CDATA[Application closed successfully | ]]>
    </line>
  </reporter-output>
  <suite name="Selenium Training" duration-ms="17614" started-at="2017-05-07T01:35:02Z" finished-at="2017-05-07T01:35:19Z">
    <groups>
    </groups>
    <test name="Selenium Training Test1" duration-ms="17614" started-at="2017-05-07T01:35:02Z" finished-at="2017-05-07T01:35:19Z">
      <class name="com.seleniumtraining.Lecture2_WebElements">
        <test-method status="PASS" signature="launchApplication()[pri:0, instance:com.seleniumtraining.Lecture2_WebElements@1324409e]" name="launchApplication" is-config="true" duration-ms="7511" started-at="2017-05-07T07:05:02Z" finished-at="2017-05-07T07:05:09Z">
          <reporter-output>
            <line>
              <![CDATA[Application Lauched successfully | ]]>
            </line>
          </reporter-output>
        </test-method> <!-- launchApplication -->
        <test-method status="PASS" signature="Slider()[pri:7, instance:com.seleniumtraining.Lecture2_WebElements@1324409e]" name="Slider" duration-ms="9839" started-at="2017-05-07T07:05:09Z" finished-at="2017-05-07T07:05:19Z">
          <reporter-output>
          </reporter-output>
        </test-method> <!-- Slider -->
        <test-method status="PASS" signature="getscreenshot()[pri:0, instance:com.seleniumtraining.Lecture2_WebElements@1324409e]" name="getscreenshot" is-config="true" duration-ms="231" started-at="2017-05-07T07:05:19Z" finished-at="2017-05-07T07:05:19Z">
          <reporter-output>
          </reporter-output>
        </test-method> <!-- getscreenshot -->
        <test-method status="PASS" signature="closeBrowser()[pri:0, instance:com.seleniumtraining.Lecture2_WebElements@1324409e]" name="closeBrowser" is-config="true" duration-ms="1223" started-at="2017-05-07T07:05:19Z" finished-at="2017-05-07T07:05:21Z">
          <reporter-output>
            <line>
              <![CDATA[Application closed successfully | ]]>
            </line>
          </reporter-output>
        </test-method> <!-- closeBrowser -->
      </class> <!-- com.seleniumtraining.Lecture2_WebElements -->
      <class name="com.seleniumtraining.Lecture3_TestNGAnnotations">
        <test-method status="PASS" signature="printStuff(java.lang.String, java.lang.String, java.lang.Integer)[pri:2, instance:com.seleniumtraining.Lecture3_TestNGAnnotations@2c6a3f77]" name="printStuff" duration-ms="1" started-at="2017-05-07T07:05:09Z" data-provider="dataProvidor" finished-at="2017-05-07T07:05:09Z">
          <params>
            <param index="0">
              <value>
                <![CDATA[sumitsingla.24@gmail.com]]>
              </value>
            </param>
            <param index="1">
              <value>
                <![CDATA[abc]]>
              </value>
            </param>
            <param index="2">
              <value>
                <![CDATA[10]]>
              </value>
            </param>
          </params>
          <reporter-output>
          </reporter-output>
        </test-method> <!-- printStuff -->
        <test-method status="PASS" signature="printStuff(java.lang.String, java.lang.String, java.lang.Integer)[pri:2, instance:com.seleniumtraining.Lecture3_TestNGAnnotations@2c6a3f77]" name="printStuff" duration-ms="0" started-at="2017-05-07T07:05:09Z" data-provider="dataProvidor" finished-at="2017-05-07T07:05:09Z">
          <params>
            <param index="0">
              <value>
                <![CDATA[contactus@gmail.com]]>
              </value>
            </param>
            <param index="1">
              <value>
                <![CDATA[1234]]>
              </value>
            </param>
            <param index="2">
              <value>
                <![CDATA[10]]>
              </value>
            </param>
          </params>
          <reporter-output>
          </reporter-output>
        </test-method> <!-- printStuff -->
      </class> <!-- com.seleniumtraining.Lecture3_TestNGAnnotations -->
    </test> <!-- Selenium Training Test1 -->
  </suite> <!-- Selenium Training -->
</testng-results>
